*** Using Compiler 'V5.06 update 3 (build 300)', folder: 'C:\Keil_v5\ARM\ARMCC\Bin'
Rebuild target 'Target 1'
assembling startup_stm32f10x_hd.s...
compiling stm32f10x_exti.c...
compiling stm32f10x_dma.c...
compiling stm32f10x_gpio.c...
compiling misc.c...
compiling system_stm32f10x.c...
compiling core_cm3.c...
compiling stm32f10x_rcc.c...
compiling main.c...
compiling stm32f10x_it.c...
compiling bsp_led.c...
compiling bsp_tim.c...
compiling stm32f10x_usart.c...
compiling bsp_usart.c...
compiling stm32f10x_tim.c...
compiling StreetMotor_driver.c...
compiling pid_lib.c...
compiling bsp_key.c...
compiling test_app.c...
compiling vofa_driver.c...
linking...
Program Size: Code=5132 RO-data=336 RW-data=364 ZI-data=1540  
FromELF: creating hex file...
".\OUTPUT\StreetMotor_Driver.axf" - 0 Error(s), 0 Warning(s).
Build Time Elapsed:  00:00:02
